2025-08-02 00:02:08,872 - chats.base - DEBUG - [Logger] Initialized 'chats.base', output → D:\1. PROJECTS\projectwise_flaskui\logs\base.log
2025-08-02 00:02:08,884 - chats.base - INFO - Logger aplikasi diinisialisasi
2025-08-02 00:02:10,058 - chats.base - INFO - MCPClient instance created
2025-08-02 00:03:44,794 - chats.base - DEBUG - [Logger] Initialized 'chats.base', output → D:\1. PROJECTS\projectwise_flaskui\logs\base.log
2025-08-02 00:03:44,794 - chats.base - INFO - Logger aplikasi diinisialisasi
2025-08-02 00:03:45,285 - chats.base - INFO - MCPClient instance created
2025-08-02 00:03:45,286 - chats.base - INFO - Blueprints registered: chat, mcp_control
2025-08-02 00:04:02,960 - chats.base - DEBUG - [Logger] Initialized 'chats.base', output → D:\1. PROJECTS\projectwise_flaskui\logs\base.log
2025-08-02 00:04:02,960 - chats.base - INFO - Logger aplikasi diinisialisasi
2025-08-02 00:04:03,562 - chats.base - INFO - MCPClient instance created
2025-08-02 00:04:03,564 - chats.base - INFO - Blueprints registered: chat, mcp_control
2025-08-02 00:04:13,416 - chats.base - DEBUG - [Logger] Initialized 'chats.base', output → D:\1. PROJECTS\projectwise_flaskui\logs\base.log
2025-08-02 00:04:13,416 - chats.base - INFO - Logger aplikasi diinisialisasi
2025-08-02 00:04:14,250 - chats.base - INFO - MCPClient instance created
2025-08-02 00:04:14,254 - chats.base - INFO - Blueprints registered: chat, mcp_control
2025-08-02 00:04:17,669 - chats.base - INFO - Connected
2025-08-02 00:04:17,738 - chats.base - INFO - Connected
2025-08-02 00:04:17,739 - chats.base - INFO - Connected
2025-08-02 00:04:17,965 - chats.base - INFO - Connected
2025-08-02 00:04:36,880 - chats.base - INFO - Connected
2025-08-02 00:05:13,726 - chats.base - INFO - Connected
2025-08-02 00:06:09,378 - chats.base - INFO - Connected
2025-08-02 00:07:02,204 - chats.base - DEBUG - [Logger] Initialized 'chats.base', output → D:\1. PROJECTS\projectwise_flaskui\logs\base.log
2025-08-02 00:07:02,204 - chats.base - INFO - Logger aplikasi diinisialisasi
2025-08-02 00:07:02,690 - chats.base - INFO - MCPClient instance created
2025-08-02 00:07:02,693 - chats.base - INFO - Blueprints registered: chat, mcp_control
2025-08-02 00:07:47,845 - chats.base - DEBUG - [Logger] Initialized 'chats.base', output → D:\1. PROJECTS\projectwise_flaskui\logs\base.log
2025-08-02 00:07:47,846 - chats.base - INFO - Logger aplikasi diinisialisasi
2025-08-02 00:07:48,778 - chats.base - INFO - MCPClient instance created
2025-08-02 00:07:48,783 - chats.base - INFO - Blueprints registered: chat, mcp_control
2025-08-02 00:19:31,455 - chats.base - DEBUG - [Logger] Initialized 'chats.base', output → D:\1. PROJECTS\projectwise_flaskui\logs\base.log
2025-08-02 00:19:31,455 - chats.base - INFO - Logger aplikasi diinisialisasi
2025-08-02 00:19:31,863 - chats.base - INFO - MCPClient instance created
2025-08-02 00:19:31,864 - chats.base - INFO - Blueprints registered: chat, mcp_control
2025-08-02 00:19:38,776 - chats.base - DEBUG - [Logger] Initialized 'chats.base', output → D:\1. PROJECTS\projectwise_flaskui\logs\base.log
2025-08-02 00:19:38,776 - chats.base - INFO - Logger aplikasi diinisialisasi
2025-08-02 00:19:39,287 - chats.base - INFO - MCPClient instance created
2025-08-02 00:19:39,289 - chats.base - INFO - Blueprints registered: chat, mcp_control
2025-08-02 00:19:53,116 - chats.base - INFO - Connected
2025-08-02 00:19:53,160 - chats.base - INFO - Connected
2025-08-02 00:19:53,167 - chats.base - INFO - Connected
2025-08-02 00:19:53,260 - chats.base - INFO - Connected
2025-08-02 00:19:58,024 - chats.base - INFO - Connected
2025-08-02 00:20:19,776 - chats.base - INFO - Connected
